Jan 16, 2023 5:40:22 PM com.google.cloud.datastore.emulator.firestore.websocket.WebSocketServer start
INFO: Started WebSocket server on ws://127.0.0.1:9150
API endpoint: http://127.0.0.1:5001
If you are using a library that supports the FIRESTORE_EMULATOR_HOST environment variable, run:

   export FIRESTORE_EMULATOR_HOST=127.0.0.1:5001

Dev App Server is now running.

Jan 16, 2023 5:40:39 PM com.google.cloud.datastore.emulator.firestore.websocket.WebSocketChannelHandler initChannel
INFO: Connected to new websocket client
Jan 16, 2023 5:40:39 PM io.gapi.emulators.netty.HttpVersionRoutingHandler channelRead
INFO: Detected non-HTTP/2 connection.
Jan 16, 2023 5:40:39 PM io.gapi.emulators.netty.HttpVersionRoutingHandler channelRead
INFO: Detected HTTP/2 connection.
Jan 16, 2023 5:40:42 PM com.google.cloud.datastore.emulator.firestore.websocket.WebSocketChannelHandler initChannel
INFO: Connected to new websocket client
Jan 16, 2023 5:40:46 PM com.google.cloud.datastore.emulator.firestore.websocket.WebSocketChannelHandler initChannel
INFO: Connected to new websocket client
Jan 16, 2023 5:41:16 PM io.gapi.emulators.netty.HttpVersionRoutingHandler channelRead
INFO: Detected non-HTTP/2 connection.
Jan 16, 2023 5:41:44 PM io.gapi.emulators.netty.HttpVersionRoutingHandler channelRead
INFO: Detected non-HTTP/2 connection.
Jan 16, 2023 5:41:44 PM io.gapi.emulators.netty.HttpVersionRoutingHandler channelRead
INFO: Detected non-HTTP/2 connection.
Jan 16, 2023 5:41:44 PM io.gapi.emulators.netty.NotFoundHandler handleRequest
INFO: Unknown request URI: /ecommerce-webapp-7919f/us-central1/api/payments/create
Jan 16, 2023 5:41:44 PM io.gapi.emulators.netty.NotFoundHandler handleRequest
INFO: Unknown request URI: /ecommerce-webapp-7919f/us-central1/api/payments/create
Jan 16, 2023 5:42:18 PM io.gapi.emulators.netty.HttpVersionRoutingHandler channelRead
INFO: Detected non-HTTP/2 connection.
Jan 16, 2023 5:43:10 PM io.gapi.emulators.netty.HttpVersionRoutingHandler channelRead
INFO: Detected non-HTTP/2 connection.
Jan 16, 2023 5:43:49 PM io.gapi.emulators.netty.NotFoundHandler handleRequest
INFO: Unknown request URI: /ecommerce-webapp-7919f/us-central1/api/payments/create
Jan 16, 2023 5:43:49 PM io.gapi.emulators.netty.NotFoundHandler handleRequest
INFO: Unknown request URI: /ecommerce-webapp-7919f/us-central1/api/payments/create
Jan 16, 2023 5:43:49 PM io.gapi.emulators.netty.NotFoundHandler handleRequest
INFO: Unknown request URI: /ecommerce-webapp-7919f/us-central1/api/payments/create
Jan 16, 2023 5:44:01 PM io.gapi.emulators.netty.NotFoundHandler handleRequest
INFO: Unknown request URI: /ecommerce-webapp-7919f/us-central1/api/payments/create
Jan 16, 2023 5:44:01 PM io.gapi.emulators.netty.NotFoundHandler handleRequest
INFO: Unknown request URI: /ecommerce-webapp-7919f/us-central1/api/payments/create
Jan 16, 2023 5:44:20 PM io.gapi.emulators.netty.HttpVersionRoutingHandler channelRead
INFO: Detected non-HTTP/2 connection.
Jan 16, 2023 5:44:52 PM io.gapi.emulators.netty.NotFoundHandler handleRequest
INFO: Unknown request URI: /ecommerce-webapp-7919f/us-central1/api/payments/create
Jan 16, 2023 5:44:53 PM io.gapi.emulators.netty.NotFoundHandler handleRequest
INFO: Unknown request URI: /ecommerce-webapp-7919f/us-central1/api/payments/create
Jan 16, 2023 5:47:51 PM io.gapi.emulators.netty.HttpVersionRoutingHandler channelRead
INFO: Detected non-HTTP/2 connection.
Jan 16, 2023 5:47:51 PM io.gapi.emulators.netty.HttpVersionRoutingHandler channelRead
INFO: Detected non-HTTP/2 connection.
Jan 16, 2023 5:47:51 PM io.gapi.emulators.netty.HttpVersionRoutingHandler channelRead
INFO: Detected non-HTTP/2 connection.
Jan 16, 2023 5:47:51 PM io.gapi.emulators.netty.NotFoundHandler handleRequest
INFO: Unknown request URI: /ecommerce-webapp-7919f/us-central1/api/payments/create
Jan 16, 2023 5:47:51 PM io.gapi.emulators.netty.NotFoundHandler handleRequest
INFO: Unknown request URI: /ecommerce-webapp-7919f/us-central1/api/payments/create
Jan 16, 2023 5:47:51 PM io.gapi.emulators.netty.NotFoundHandler handleRequest
INFO: Unknown request URI: /ecommerce-webapp-7919f/us-central1/api/payments/create
Jan 16, 2023 5:48:05 PM io.gapi.emulators.netty.NotFoundHandler handleRequest
INFO: Unknown request URI: /ecommerce-webapp-7919f/us-central1/api/payments/create
Jan 16, 2023 5:52:53 PM io.gapi.emulators.netty.HttpVersionRoutingHandler channelRead
INFO: Detected non-HTTP/2 connection.
Jan 16, 2023 5:52:53 PM io.gapi.emulators.netty.NotFoundHandler handleRequest
INFO: Unknown request URI: /ecommerce-webapp-7919f/us-central1/api/payments/create
Jan 16, 2023 5:53:25 PM io.gapi.emulators.netty.HttpVersionRoutingHandler channelRead
INFO: Detected non-HTTP/2 connection.
Jan 16, 2023 5:53:25 PM io.gapi.emulators.netty.NotFoundHandler handleRequest
INFO: Unknown request URI: /ecommerce-webapp-7919f/us-central1/api/payments/create
Jan 16, 2023 5:56:13 PM io.gapi.emulators.netty.HttpVersionRoutingHandler channelRead
INFO: Detected non-HTTP/2 connection.
Jan 16, 2023 5:56:13 PM io.gapi.emulators.netty.NotFoundHandler handleRequest
INFO: Unknown request URI: /payments/create
*** shutting down gRPC server since JVM is shutting down
*** server shut down
